<?xml version="1.0" encoding="UTF-8"?>
<!-- Generated by org.testng.reporters.JUnitXMLReporter -->
<testsuite hostname="LAPTOP-7N50JD64" ignored="1" name="Test" tests="2" failures="0" timestamp="16 Nov 2019 07:29:10 GMT" time="4.322" errors="0">
  <testcase name="test1" time="3.075" classname="com.newTour.HomeTest"/>
  <testcase name="test2" time="1.205" classname="com.newTour.RegisterTest"/>
  <testcase name="@BeforeSuite openBrowser" time="0.0" classname="Base.baseClass">
    <ignored/>
  </testcase> <!-- @BeforeSuite openBrowser -->
</testsuite> <!-- Test -->
