<?xml version="1.0" encoding="UTF-8"?>
<testng-results skipped="0" failed="0" ignored="1" total="3" passed="2">
  <reporter-output>
  </reporter-output>
  <suite name="Suite" duration-ms="4322" started-at="2019-11-16T07:29:06Z" finished-at="2019-11-16T07:29:10Z">
    <groups>
    </groups>
    <test name="Test" duration-ms="4322" started-at="2019-11-16T07:29:06Z" finished-at="2019-11-16T07:29:10Z">
      <class name="com.newTour.RegisterTest">
        <test-method status="PASS" signature="test2()[pri:0, instance:com.newTour.RegisterTest@77caeb3e]" name="test2" duration-ms="1205" started-at="2019-11-16T07:29:09Z" finished-at="2019-11-16T07:29:10Z">
          <reporter-output>
          </reporter-output>
        </test-method> <!-- test2 -->
      </class> <!-- com.newTour.RegisterTest -->
      <class name="com.newTour.HomeTest">
        <test-method status="PASS" signature="openBrowser()[pri:0, instance:com.newTour.HomeTest@66a3ffec]" name="openBrowser" is-config="true" duration-ms="8888" started-at="2019-11-16T07:28:57Z" finished-at="2019-11-16T07:29:06Z">
          <reporter-output>
          </reporter-output>
        </test-method> <!-- openBrowser -->
        <test-method status="PASS" signature="test1()[pri:0, instance:com.newTour.HomeTest@66a3ffec]" name="test1" duration-ms="3075" started-at="2019-11-16T07:29:06Z" finished-at="2019-11-16T07:29:09Z">
          <reporter-output>
          </reporter-output>
        </test-method> <!-- test1 -->
      </class> <!-- com.newTour.HomeTest -->
    </test> <!-- Test -->
  </suite> <!-- Suite -->
</testng-results>
